<?xml version="1.0" encoding="UTF-8" ?>
<testsuite tests="1" failures="0" name="com.albert.spring.MainApp" time="0.296" errors="0" skipped="0">
  <properties>
    <property name="java.runtime.name" value="OpenJDK Runtime Environment"/>
    <property name="java.vm.version" value="11.0.13+8"/>
    <property name="sun.boot.library.path" value="C:\Users\mfliti\AppData\Local\Programs\Eclipse Adoptium\jdk-11.0.13.8-hotspot\bin"/>
    <property name="maven.multiModuleProjectDirectory" value="C:\Users\mfliti\Documents\spring\spring-master\HelloWorld"/>
    <property name="java.vm.vendor" value="Eclipse Adoptium"/>
    <property name="java.vendor.url" value="https://adoptium.net/"/>
    <property name="guice.disable.misplaced.annotation.check" value="true"/>
    <property name="path.separator" value=";"/>
    <property name="java.vm.name" value="OpenJDK 64-Bit Server VM"/>
    <property name="sun.os.patch.level" value=""/>
    <property name="user.script" value=""/>
    <property name="user.country" value="FR"/>
    <property name="sun.java.launcher" value="SUN_STANDARD"/>
    <property name="test" value="MainApp"/>
    <property name="java.vm.specification.name" value="Java Virtual Machine Specification"/>
    <property name="user.dir" value="C:\Users\mfliti\Documents\spring\spring-master\HelloWorld"/>
    <property name="java.vm.compressedOopsMode" value="Zero based"/>
    <property name="java.runtime.version" value="11.0.13+8"/>
    <property name="java.awt.graphicsenv" value="sun.awt.Win32GraphicsEnvironment"/>
    <property name="os.arch" value="amd64"/>
    <property name="java.io.tmpdir" value="C:\Users\mfliti\AppData\Local\Temp\"/>
    <property name="line.separator" value="
"/>
    <property name="java.vm.specification.vendor" value="Oracle Corporation"/>
    <property name="user.variant" value=""/>
    <property name="os.name" value="Windows 10"/>
    <property name="classworlds.conf" value="C:\Users\mfliti\Documents\apache-maven-3.8.4-bin\apache-maven-3.8.4\bin\m2.conf"/>
    <property name="sun.jnu.encoding" value="Cp1252"/>
    <property name="java.library.path" value="C:\Users\mfliti\AppData\Local\Programs\Eclipse Adoptium\jdk-11.0.13.8-hotspot\bin;C:\Windows\Sun\Java\bin;C:\Windows\system32;C:\Windows;C:/Users/mfliti/AppData/Local/Programs/Eclipse Adoptium/jdk-11.0.13.8-hotspot/bin/server;C:/Users/mfliti/AppData/Local/Programs/Eclipse Adoptium/jdk-11.0.13.8-hotspot/bin;C:\Program Files\Microsoft\jdk-11.0.12.7-hotspot\bin;C:\Program Files\Eclipse Foundation\jdk-8.0.302.8-hotspot\bin;C:\Program Files\Eclipse Adoptium\jdk-17.0.1.12-hotspot\bin;C:\Windows\system32;C:\Windows;C:\Windows\System32\Wbem;C:\Windows\System32\WindowsPowerShell\v1.0\;C:\Windows\System32\OpenSSH\;C:\Program Files\nodejs\;C:\Program Files\Microsoft SQL Server\Client SDK\ODBC\170\Tools\Binn\;C:\Program Files (x86)\Microsoft SQL Server\150\Tools\Binn\;C:\Program Files\Microsoft SQL Server\150\Tools\Binn\;C:\Program Files\Microsoft SQL Server\150\DTS\Binn\;C:\Program Files (x86)\Microsoft SQL Server\150\DTS\Binn\;C:\Program Files\Azure Data Studio\bin;C:\Program Files\Microsoft SQL Server\130\Tools\Binn\;C:\Program Files\dotnet\;C:\Users\mfliti\Documents\XrmToolbox\XrmToolBox.exe;C:\Program Files\Git\cmd;C:\Users\mfliti\Documents\Tomcat\bin;C:\flutter\bin;C:\Users\mfliti\AppData\Local\Programs\Python\Python310\Scripts;C:\wamp64\bin\php\php8.1.0;C:\ProgramData\ComposerSetup\bin;C:\Users\mfliti\Documents\apache-maven-3.8.4-bin\apache-maven-3.8.4\bin;C:\cmder;C:\Program Files\Git\bin;;C:\Program Files\Docker\Docker\resources\bin;C:\ProgramData\DockerDesktop\version-bin;C:\Users\mfliti\AppData\Local\Programs\Eclipse Adoptium\jdk-11.0.13.8-hotspot\bin;C:\Users\mfliti\AppData\Local\Microsoft\WindowsApps;C:\Users\mfliti\AppData\Local\Programs\Microsoft VS Code\bin;C:\Users\mfliti\AppData\Roaming\npm;C:\Program Files\Azure Data Studio\bin;C:\Users\mfliti\.dotnet\tools;C:\Program Files\JetBrains\IntelliJ IDEA 2020.1\bin;;C:\Users\mfliti\AppData\Local\GitHubDesktop\bin;C:\Users\mfliti\AppData\Roaming\Composer\vendor\bin;C:\Users\mfliti\AppData\Local\Android\Sdk\platform-tools;C:\Users\mfliti\AppData\Local\Android\Sdk\tools;C:\Users\mfliti\AppData\Local\Android\Sdk\tools\bin;;C:\Windows\System32;;."/>
    <property name="maven.conf" value="C:\Users\mfliti\Documents\apache-maven-3.8.4-bin\apache-maven-3.8.4/conf"/>
    <property name="jdk.debug" value="release"/>
    <property name="java.class.version" value="55.0"/>
    <property name="java.specification.name" value="Java Platform API Specification"/>
    <property name="sun.management.compiler" value="HotSpot 64-Bit Tiered Compilers"/>
    <property name="os.version" value="10.0"/>
    <property name="library.jansi.path" value="C:\Users\mfliti\Documents\apache-maven-3.8.4-bin\apache-maven-3.8.4\lib\jansi-native"/>
    <property name="user.home" value="C:\Users\mfliti"/>
    <property name="user.timezone" value="Africa/Casablanca"/>
    <property name="java.awt.printerjob" value="sun.awt.windows.WPrinterJob"/>
    <property name="file.encoding" value="Cp1252"/>
    <property name="java.specification.version" value="11"/>
    <property name="user.name" value="mfliti"/>
    <property name="java.class.path" value="C:\Users\mfliti\Documents\apache-maven-3.8.4-bin\apache-maven-3.8.4\boot\plexus-classworlds-2.6.0.jar"/>
    <property name="java.vm.specification.version" value="11"/>
    <property name="sun.arch.data.model" value="64"/>
    <property name="sun.java.command" value="org.codehaus.plexus.classworlds.launcher.Launcher test -Dtest=MainApp"/>
    <property name="java.home" value="C:\Users\mfliti\AppData\Local\Programs\Eclipse Adoptium\jdk-11.0.13.8-hotspot"/>
    <property name="user.language" value="fr"/>
    <property name="java.specification.vendor" value="Oracle Corporation"/>
    <property name="awt.toolkit" value="sun.awt.windows.WToolkit"/>
    <property name="java.vm.info" value="mixed mode"/>
    <property name="java.version" value="11.0.13"/>
    <property name="java.vendor" value="Eclipse Adoptium"/>
    <property name="sun.stderr.encoding" value="cp850"/>
    <property name="maven.home" value="C:\Users\mfliti\Documents\apache-maven-3.8.4-bin\apache-maven-3.8.4"/>
    <property name="file.separator" value="\"/>
    <property name="java.version.date" value="2021-10-19"/>
    <property name="java.vendor.url.bug" value="https://github.com/adoptium/adoptium-support/issues"/>
    <property name="sun.io.unicode.encoding" value="UnicodeLittle"/>
    <property name="sun.cpu.endian" value="little"/>
    <property name="java.vendor.version" value="Temurin-11.0.13+8"/>
    <property name="sun.stdout.encoding" value="cp850"/>
    <property name="sun.desktop" value="windows"/>
    <property name="sun.cpu.isalist" value="amd64"/>
  </properties>
  <testcase classname="com.albert.spring.MainApp" name="test" time="0.296"/>
</testsuite>